
# ================================================================================
# Thu Dec 21 19:29:38 2017
# ================================================================================

# [/opt/lm240n/includes/M5/REST/APIGateway.pm, line 127]
req =  {
          'authenticate' => {
                              'credential' => {
                                                'password' => 'c3login1!'
                                              },
                              'userid' => 'c3'
                            },
          'endpointServiceName' => 'RDS',
          'inputs' => {
                        'RequestInput' => [
                                            {
                                              'Priority' => 70,
                                              'RDSNumber' => '11301788850496TE',
                                              'RequestType' => 'RDSDataCapture',
                                              'endpointServiceName' => 'RDS',
                                              'requestID' => 'RDSDataCapture20171221192938',
                                              'serviceName' => 'gsdl.json.RDS'
                                            }
                                          ],
                        'gsdlHttpHeaders' => [
                                               {
                                                 'name' => 'asyncTargetUrl',
                                                 'value' => 'http://roattnap04.gcsc.att.com:9080/prweb/PRRestService/JSONServicePackage/ODSSK4-BizOps_P-Int/GenerateJSON'
                                               }
                                             ]
                      },
          'methodName' => 'RDSDataCapture',
          'serviceName' => 'gsdl.json.RDS',
          'targetEnv' => 'UAT'
        };



# ================================================================================
# Thu Dec 21 19:30:10 2017
# ================================================================================

# [/opt/lm240n/includes/M5/REST/APIGateway/RDS.pm, line 510]
modified_date =  '11/30/17';


modified_time =  '11:47 AM';



# ================================================================================
# Thu Dec 21 19:30:10 2017
# ================================================================================

# [/opt/lm240n/includes/M5/REST/APIGateway/RDS.pm, line 517]
epoch =  '1512042420';


new_date =  '2017-11-30 11:47 AM';



# ================================================================================
# Thu Dec 21 19:30:10 2017
# ================================================================================

# [/opt/lm240n/includes/M5/REST/APIGateway/RDS.pm, line 510]
modified_date =  '12/05/17';


modified_time =  '09:10 AM';



# ================================================================================
# Thu Dec 21 19:30:10 2017
# ================================================================================

# [/opt/lm240n/includes/M5/REST/APIGateway/RDS.pm, line 517]
epoch =  '1512465000';


new_date =  '2017-12-05 09:10 AM';



# ================================================================================
# Thu Dec 21 19:30:10 2017
# ================================================================================

# [/opt/lm240n/includes/M5/REST/APIGateway/RDS.pm, line 510]
modified_date =  '11/30/17';


modified_time =  '11:48 AM';



# ================================================================================
# Thu Dec 21 19:30:10 2017
# ================================================================================

# [/opt/lm240n/includes/M5/REST/APIGateway/RDS.pm, line 517]
epoch =  '1512042480';


new_date =  '2017-11-30 11:48 AM';



# ================================================================================
# Thu Dec 21 19:30:10 2017
# ================================================================================

# [/opt/lm240n/includes/M5/REST/APIGateway/RDS.pm, line 510]
modified_date =  '11/30/17';


modified_time =  '11:47 AM';



# ================================================================================
# Thu Dec 21 19:30:10 2017
# ================================================================================

# [/opt/lm240n/includes/M5/REST/APIGateway/RDS.pm, line 517]
epoch =  '1512042420';


new_date =  '2017-11-30 11:47 AM';



# ================================================================================
# Thu Dec 21 19:30:10 2017
# ================================================================================

# [/opt/lm240n/includes/M5/REST/APIGateway/RDS.pm, line 510]
modified_date =  '12/18/17';


modified_time =  '11:25 AM';



# ================================================================================
# Thu Dec 21 19:30:10 2017
# ================================================================================

# [/opt/lm240n/includes/M5/REST/APIGateway/RDS.pm, line 517]
epoch =  '1513596300';


new_date =  '2017-12-18 11:25 AM';



# ================================================================================
# Thu Dec 21 19:30:10 2017
# ================================================================================

# [/opt/lm240n/includes/M5/REST/APIGateway/RDS.pm, line 510]
modified_date =  '11/30/17';


modified_time =  '11:24 AM';



# ================================================================================
# Thu Dec 21 19:30:10 2017
# ================================================================================

# [/opt/lm240n/includes/M5/REST/APIGateway/RDS.pm, line 517]
epoch =  '1512041040';


new_date =  '2017-11-30 11:24 AM';



# ================================================================================
# Thu Dec 21 19:30:10 2017
# ================================================================================

# [/opt/lm240n/includes/M5/REST/APIGateway/RDS.pm, line 510]
modified_date =  '12/01/17';


modified_time =  '09:48 AM';



# ================================================================================
# Thu Dec 21 19:30:10 2017
# ================================================================================

# [/opt/lm240n/includes/M5/REST/APIGateway/RDS.pm, line 517]
epoch =  '1512121680';


new_date =  '2017-12-01 09:48 AM';



# ================================================================================
# Thu Dec 21 19:30:10 2017
# ================================================================================

# [/opt/lm240n/includes/M5/REST/APIGateway/RDS.pm, line 510]
modified_date =  '11/30/17';


modified_time =  '11:50 AM';



# ================================================================================
# Thu Dec 21 19:30:10 2017
# ================================================================================

# [/opt/lm240n/includes/M5/REST/APIGateway/RDS.pm, line 517]
epoch =  '1512042600';


new_date =  '2017-11-30 11:50 AM';



# ================================================================================
# Thu Dec 21 19:30:10 2017
# ================================================================================

# [/opt/lm240n/includes/M5/REST/APIGateway/RDS.pm, line 510]
modified_date =  '11/30/17';


modified_time =  '11:47 AM';



# ================================================================================
# Thu Dec 21 19:30:10 2017
# ================================================================================

# [/opt/lm240n/includes/M5/REST/APIGateway/RDS.pm, line 517]
epoch =  '1512042420';


new_date =  '2017-11-30 11:47 AM';


